Using pre-set license
Built from '2020.2/staging' branch; Version is '2020.2.3f1 (8ff31bc5bf5b) revision 9433883'; Using compiler version '192528614'; Build Type 'Release'
OS: 'Windows 10 Pro; OS build 19042.746; Version 2009; 64bit' Language: 'ko' Physical Memory: 16313 MB
BatchMode: 1, IsHumanControllingUs: 0, StartBugReporterOnCrash: 0, Is64bit: 1, IsPro: 0

 COMMAND LINE ARGUMENTS:
D:\Program Files\2020.2.3f1\Editor\Unity.exe
-adb2
-batchMode
-noUpm
-name
AssetImportWorker0
-projectPath
D:/룰루랄라/자기개발/Github/2021-1_SGP/[SGP]PUZZLE_B893248
-logFile
Logs/AssetImportWorker0.log
-srvPort
61453
Successfully changed project path to: D:/룰루랄라/자기개발/Github/2021-1_SGP/[SGP]PUZZLE_B893248
D:/룰루랄라/자기개발/Github/2021-1_SGP/[SGP]PUZZLE_B893248
Using Asset Import Pipeline V2.
Refreshing native plugins compatible for Editor in 22.24 ms, found 0 plugins.
Preloading 0 native plugins for Editor in 0.00 ms.
Initialize engine version: 2020.2.3f1 (8ff31bc5bf5b)
[Subsystems] Discovering subsystems at path D:/Program Files/2020.2.3f1/Editor/Data/Resources/UnitySubsystems
[Subsystems] Discovering subsystems at path D:/룰루랄라/자기개발/Github/2021-1_SGP/[SGP]PUZZLE_B893248/Assets
GfxDevice: creating device client; threaded=0
Direct3D:
    Version:  Direct3D 11.0 [level 11.1]
    Renderer: NVIDIA GeForce GTX 1660 SUPER (ID=0x21c4)
    Vendor:   
    VRAM:     5991 MB
    Driver:   27.21.14.6089
Initialize mono
Mono path[0] = 'D:/Program Files/2020.2.3f1/Editor/Data/Managed'
Mono path[1] = 'D:/Program Files/2020.2.3f1/Editor/Data/MonoBleedingEdge/lib/mono/unityjit'
Mono config path = 'D:/Program Files/2020.2.3f1/Editor/Data/MonoBleedingEdge/etc'
Using monoOptions --debugger-agent=transport=dt_socket,embedding=1,server=y,suspend=n,address=127.0.0.1:56592
Begin MonoManager ReloadAssembly
Registering precompiled unity dll's ...
Register platform support module: D:/Program Files/2020.2.3f1/Editor/Data/PlaybackEngines/MacStandaloneSupport/UnityEditor.OSXStandalone.Extensions.dll
Register platform support module: D:/Program Files/2020.2.3f1/Editor/Data/PlaybackEngines/WindowsStandaloneSupport/UnityEditor.WindowsStandalone.Extensions.dll
Registered in 0.004111 seconds.
Native extension for WindowsStandalone target not found
Native extension for OSXStandalone target not found
Refreshing native plugins compatible for Editor in 19.38 ms, found 0 plugins.
Preloading 0 native plugins for Editor in 0.00 ms.
Invoked RoslynAnalysisRunner static constructor.
RoslynAnalysisRunner will not be running.
RoslynAnalysisRunner has terminated.
Mono: successfully reloaded assembly
- Completed reload, in  2.206 seconds
Platform modules already initialized, skipping
Registering precompiled user dll's ...
Registered in 0.000871 seconds.
Begin MonoManager ReloadAssembly
Native extension for WindowsStandalone target not found
Native extension for OSXStandalone target not found
Refreshing native plugins compatible for Editor in 0.19 ms, found 0 plugins.
Preloading 0 native plugins for Editor in 0.00 ms.
Invoked RoslynAnalysisRunner static constructor.
RoslynAnalysisRunner will not be running.
RoslynAnalysisRunner has terminated.
Mono: successfully reloaded assembly
- Completed reload, in  0.815 seconds
Platform modules already initialized, skipping
========================================================================
Worker process is ready to serve import requests
Launched and connected shader compiler UnityShaderCompiler.exe after 0.20 seconds
Refreshing native plugins compatible for Editor in 0.16 ms, found 0 plugins.
Preloading 0 native plugins for Editor in 0.00 ms.
Unloading 1076 Unused Serialized files (Serialized files now loaded: 0)
System memory in use before: 58.7 MB.
System memory in use after: 58.7 MB.

Unloading 9 unused Assets to reduce memory usage. Loaded Objects now: 1518.
Total: 1.722700 ms (FindLiveObjects: 0.171100 ms CreateObjectMapping: 0.055800 ms MarkObjects: 1.417500 ms  DeleteObjects: 0.077400 ms)

========================================================================
Received Import Request.
  path: Assets/Scripts/BlockRoot.cs
  artifactKey: Guid(76c78f45c3b4be343a38b12afabf261f) Importer(815301076,1909f56bfc062723c751e8b465ee728b)
Start importing Assets/Scripts/BlockRoot.cs using Guid(76c78f45c3b4be343a38b12afabf261f) Importer(815301076,1909f56bfc062723c751e8b465ee728b)  -> (artifact id: '794a04b223bfcfb3f8e84c6a596c9966') in 0.042091 seconds
  Import took 0.055760 seconds .

========================================================================
Received Import Request.
  Time since last request: 0.000197 seconds.
  path: Assets/Scripts/BlockControl.cs
  artifactKey: Guid(78c4511536983374d971417fb06ea1c3) Importer(815301076,1909f56bfc062723c751e8b465ee728b)
Start importing Assets/Scripts/BlockControl.cs using Guid(78c4511536983374d971417fb06ea1c3) Importer(815301076,1909f56bfc062723c751e8b465ee728b)  -> (artifact id: 'de13e0a36d65a4daeb42d2e43e54148d') in 0.006018 seconds
  Import took 0.017359 seconds .

========================================================================
Received Import Request.
  Time since last request: 4228.577543 seconds.
  path: Assets/Scripts/BlockControl.cs
  artifactKey: Guid(78c4511536983374d971417fb06ea1c3) Importer(815301076,1909f56bfc062723c751e8b465ee728b)
Start importing Assets/Scripts/BlockControl.cs using Guid(78c4511536983374d971417fb06ea1c3) Importer(815301076,1909f56bfc062723c751e8b465ee728b)  -> (artifact id: 'd2e0d6465d05101fa4df9df338c12605') in 0.010351 seconds
  Import took 0.046721 seconds .

========================================================================
Received Prepare
Registering precompiled user dll's ...
Registered in 0.000919 seconds.
Begin MonoManager ReloadAssembly
Native extension for WindowsStandalone target not found
Native extension for OSXStandalone target not found
Refreshing native plugins compatible for Editor in 0.17 ms, found 0 plugins.
Preloading 0 native plugins for Editor in 0.00 ms.
Invoked RoslynAnalysisRunner static constructor.
RoslynAnalysisRunner will not be running.
RoslynAnalysisRunner has terminated.
Mono: successfully reloaded assembly
- Completed reload, in  0.843 seconds
Platform modules already initialized, skipping
Refreshing native plugins compatible for Editor in 0.16 ms, found 0 plugins.
Preloading 0 native plugins for Editor in 0.00 ms.
Unloading 1071 Unused Serialized files (Serialized files now loaded: 0)
System memory in use before: 58.6 MB.
System memory in use after: 58.7 MB.

Unloading 4 unused Assets to reduce memory usage. Loaded Objects now: 1520.
Total: 2.312100 ms (FindLiveObjects: 0.170400 ms CreateObjectMapping: 0.056200 ms MarkObjects: 2.013600 ms  DeleteObjects: 0.070800 ms)

========================================================================
Received Prepare
Registering precompiled user dll's ...
Registered in 0.000937 seconds.
Begin MonoManager ReloadAssembly
Native extension for WindowsStandalone target not found
Native extension for OSXStandalone target not found
Refreshing native plugins compatible for Editor in 0.18 ms, found 0 plugins.
Preloading 0 native plugins for Editor in 0.00 ms.
Invoked RoslynAnalysisRunner static constructor.
RoslynAnalysisRunner will not be running.
RoslynAnalysisRunner has terminated.
Mono: successfully reloaded assembly
- Completed reload, in  0.827 seconds
Platform modules already initialized, skipping
Refreshing native plugins compatible for Editor in 0.17 ms, found 0 plugins.
Preloading 0 native plugins for Editor in 0.00 ms.
Unloading 1071 Unused Serialized files (Serialized files now loaded: 0)
System memory in use before: 58.6 MB.
System memory in use after: 58.7 MB.

Unloading 4 unused Assets to reduce memory usage. Loaded Objects now: 1522.
Total: 1.760900 ms (FindLiveObjects: 0.175400 ms CreateObjectMapping: 0.046400 ms MarkObjects: 1.459100 ms  DeleteObjects: 0.078900 ms)

========================================================================
Received Import Request.
  Time since last request: 6344.448310 seconds.
  path: Assets/Scripts/ScoreCounter.cs
  artifactKey: Guid(2a09b8543160cf345a4db0ecae3a2c86) Importer(815301076,1909f56bfc062723c751e8b465ee728b)
Start importing Assets/Scripts/ScoreCounter.cs using Guid(2a09b8543160cf345a4db0ecae3a2c86) Importer(815301076,1909f56bfc062723c751e8b465ee728b)  -> (artifact id: '81a99d92592ecd06939fdf032a193b44') in 0.115151 seconds
  Import took 0.117002 seconds .

========================================================================
Received Import Request.
  Time since last request: 0.005015 seconds.
  path: Assets/Scripts/ScoreCounter.cs
  artifactKey: Guid(2a09b8543160cf345a4db0ecae3a2c86) Importer(815301076,1909f56bfc062723c751e8b465ee728b)
Start importing Assets/Scripts/ScoreCounter.cs using Guid(2a09b8543160cf345a4db0ecae3a2c86) Importer(815301076,1909f56bfc062723c751e8b465ee728b)  -> (artifact id: '81a99d92592ecd06939fdf032a193b44') in 0.003705 seconds
  Import took 0.005302 seconds .

========================================================================
Received Prepare
Registering precompiled user dll's ...
Registered in 0.000839 seconds.
Begin MonoManager ReloadAssembly
Native extension for WindowsStandalone target not found
Native extension for OSXStandalone target not found
Refreshing native plugins compatible for Editor in 0.16 ms, found 0 plugins.
Preloading 0 native plugins for Editor in 0.00 ms.
Invoked RoslynAnalysisRunner static constructor.
RoslynAnalysisRunner will not be running.
RoslynAnalysisRunner has terminated.
Mono: successfully reloaded assembly
- Completed reload, in  0.757 seconds
Platform modules already initialized, skipping
Refreshing native plugins compatible for Editor in 0.17 ms, found 0 plugins.
Preloading 0 native plugins for Editor in 0.00 ms.
Unloading 1072 Unused Serialized files (Serialized files now loaded: 0)
System memory in use before: 58.7 MB.
System memory in use after: 58.8 MB.

Unloading 4 unused Assets to reduce memory usage. Loaded Objects now: 1525.
Total: 3.310200 ms (FindLiveObjects: 0.126300 ms CreateObjectMapping: 0.038600 ms MarkObjects: 3.070700 ms  DeleteObjects: 0.072900 ms)

========================================================================
Received Prepare
Registering precompiled user dll's ...
Registered in 0.000878 seconds.
Begin MonoManager ReloadAssembly
Native extension for WindowsStandalone target not found
Native extension for OSXStandalone target not found
Refreshing native plugins compatible for Editor in 0.16 ms, found 0 plugins.
Preloading 0 native plugins for Editor in 0.00 ms.
Invoked RoslynAnalysisRunner static constructor.
RoslynAnalysisRunner will not be running.
RoslynAnalysisRunner has terminated.
Mono: successfully reloaded assembly
- Completed reload, in  0.734 seconds
Platform modules already initialized, skipping
Refreshing native plugins compatible for Editor in 0.16 ms, found 0 plugins.
Preloading 0 native plugins for Editor in 0.00 ms.
Unloading 1072 Unused Serialized files (Serialized files now loaded: 0)
System memory in use before: 58.7 MB.
System memory in use after: 58.8 MB.

Unloading 4 unused Assets to reduce memory usage. Loaded Objects now: 1527.
Total: 1.328800 ms (FindLiveObjects: 0.106400 ms CreateObjectMapping: 0.028100 ms MarkObjects: 1.148100 ms  DeleteObjects: 0.045300 ms)

========================================================================
Received Import Request.
  Time since last request: 643.644379 seconds.
  path: Assets/Scripts/SceneControl1.cs
  artifactKey: Guid(c64739d767019f8418c96389d8e3cb9f) Importer(815301076,1909f56bfc062723c751e8b465ee728b)
Start importing Assets/Scripts/SceneControl1.cs using Guid(c64739d767019f8418c96389d8e3cb9f) Importer(815301076,1909f56bfc062723c751e8b465ee728b)  -> (artifact id: '4261331a184ed17289f8dd21514f7231') in 0.009244 seconds
  Import took 0.011246 seconds .

========================================================================
Received Prepare
Registering precompiled user dll's ...
Registered in 0.001104 seconds.
Begin MonoManager ReloadAssembly
Native extension for WindowsStandalone target not found
Native extension for OSXStandalone target not found
Refreshing native plugins compatible for Editor in 0.16 ms, found 0 plugins.
Preloading 0 native plugins for Editor in 0.00 ms.
Invoked RoslynAnalysisRunner static constructor.
RoslynAnalysisRunner will not be running.
RoslynAnalysisRunner has terminated.
Mono: successfully reloaded assembly
- Completed reload, in  0.731 seconds
Platform modules already initialized, skipping
Refreshing native plugins compatible for Editor in 0.16 ms, found 0 plugins.
Preloading 0 native plugins for Editor in 0.00 ms.
Unloading 1073 Unused Serialized files (Serialized files now loaded: 0)
System memory in use before: 58.8 MB.
System memory in use after: 58.8 MB.

Unloading 4 unused Assets to reduce memory usage. Loaded Objects now: 1530.
Total: 1.456900 ms (FindLiveObjects: 0.117100 ms CreateObjectMapping: 0.030100 ms MarkObjects: 1.264000 ms  DeleteObjects: 0.044600 ms)

========================================================================
Received Import Request.
  Time since last request: 4.869156 seconds.
  path: Assets/Scripts/SceneControl.cs
  artifactKey: Guid(c3d11c58803a76445810f215d2ec7180) Importer(815301076,1909f56bfc062723c751e8b465ee728b)
Start importing Assets/Scripts/SceneControl.cs using Guid(c3d11c58803a76445810f215d2ec7180) Importer(815301076,1909f56bfc062723c751e8b465ee728b)  -> (artifact id: '8eaa08cd672031f41c0a7f8bb9248172') in 0.009740 seconds
  Import took 0.011489 seconds .

========================================================================
Received Import Request.
  Time since last request: 13650.570965 seconds.
  path: Assets/Scripts/SceneControl.cs
  artifactKey: Guid(c3d11c58803a76445810f215d2ec7180) Importer(815301076,1909f56bfc062723c751e8b465ee728b)
Start importing Assets/Scripts/SceneControl.cs using Guid(c3d11c58803a76445810f215d2ec7180) Importer(815301076,1909f56bfc062723c751e8b465ee728b)  -> (artifact id: 'b03aa0b44c21c799f79f7fab7cd783bc') in 0.013659 seconds
  Import took 0.046267 seconds .

========================================================================
Received Import Request.
  Time since last request: 0.009369 seconds.
  path: Assets/Scripts/SceneControl.cs
  artifactKey: Guid(c3d11c58803a76445810f215d2ec7180) Importer(815301076,1909f56bfc062723c751e8b465ee728b)
Start importing Assets/Scripts/SceneControl.cs using Guid(c3d11c58803a76445810f215d2ec7180) Importer(815301076,1909f56bfc062723c751e8b465ee728b)  -> (artifact id: 'b03aa0b44c21c799f79f7fab7cd783bc') in 0.004273 seconds
  Import took 0.006560 seconds .

========================================================================
Received Import Request.
  Time since last request: 9.938709 seconds.
  path: Assets/Scripts/LevelControl.cs
  artifactKey: Guid(65b878d281bbc704a81e009702cc9bff) Importer(815301076,1909f56bfc062723c751e8b465ee728b)
Start importing Assets/Scripts/LevelControl.cs using Guid(65b878d281bbc704a81e009702cc9bff) Importer(815301076,1909f56bfc062723c751e8b465ee728b)  -> (artifact id: '112791bbf032bf628ac98f03f70445ed') in 0.009125 seconds
  Import took 0.011169 seconds .

========================================================================
Received Import Request.
  Time since last request: 0.001102 seconds.
  path: Assets/Scripts/LevelControl.cs
  artifactKey: Guid(65b878d281bbc704a81e009702cc9bff) Importer(815301076,1909f56bfc062723c751e8b465ee728b)
Start importing Assets/Scripts/LevelControl.cs using Guid(65b878d281bbc704a81e009702cc9bff) Importer(815301076,1909f56bfc062723c751e8b465ee728b)  -> (artifact id: '112791bbf032bf628ac98f03f70445ed') in 0.003462 seconds
  Import took 0.005287 seconds .

========================================================================
Received Prepare
Registering precompiled user dll's ...
Registered in 0.000946 seconds.
Begin MonoManager ReloadAssembly
Native extension for WindowsStandalone target not found
Native extension for OSXStandalone target not found
Refreshing native plugins compatible for Editor in 0.23 ms, found 0 plugins.
Preloading 0 native plugins for Editor in 0.00 ms.
Invoked RoslynAnalysisRunner static constructor.
RoslynAnalysisRunner will not be running.
RoslynAnalysisRunner has terminated.
Mono: successfully reloaded assembly
- Completed reload, in  0.950 seconds
Platform modules already initialized, skipping
Refreshing native plugins compatible for Editor in 0.16 ms, found 0 plugins.
Preloading 0 native plugins for Editor in 0.00 ms.
Unloading 1074 Unused Serialized files (Serialized files now loaded: 0)
System memory in use before: 58.8 MB.
System memory in use after: 58.9 MB.

Unloading 4 unused Assets to reduce memory usage. Loaded Objects now: 1533.
Total: 2.219400 ms (FindLiveObjects: 0.285400 ms CreateObjectMapping: 0.063100 ms MarkObjects: 1.787900 ms  DeleteObjects: 0.080700 ms)

========================================================================
Received Prepare
Registering precompiled user dll's ...
Registered in 0.001283 seconds.
Begin MonoManager ReloadAssembly
Native extension for WindowsStandalone target not found
Native extension for OSXStandalone target not found
Refreshing native plugins compatible for Editor in 0.16 ms, found 0 plugins.
Preloading 0 native plugins for Editor in 0.00 ms.
Invoked RoslynAnalysisRunner static constructor.
RoslynAnalysisRunner will not be running.
RoslynAnalysisRunner has terminated.
Mono: successfully reloaded assembly
- Completed reload, in  0.739 seconds
Platform modules already initialized, skipping
Refreshing native plugins compatible for Editor in 0.16 ms, found 0 plugins.
Preloading 0 native plugins for Editor in 0.00 ms.
Unloading 1074 Unused Serialized files (Serialized files now loaded: 0)
System memory in use before: 58.8 MB.
System memory in use after: 58.9 MB.

Unloading 4 unused Assets to reduce memory usage. Loaded Objects now: 1535.
Total: 2.146200 ms (FindLiveObjects: 0.175700 ms CreateObjectMapping: 0.039000 ms MarkObjects: 1.880900 ms  DeleteObjects: 0.049300 ms)

========================================================================
Received Prepare
Registering precompiled user dll's ...
Registered in 0.000859 seconds.
Begin MonoManager ReloadAssembly
Native extension for WindowsStandalone target not found
Native extension for OSXStandalone target not found
Refreshing native plugins compatible for Editor in 0.18 ms, found 0 plugins.
Preloading 0 native plugins for Editor in 0.00 ms.
Invoked RoslynAnalysisRunner static constructor.
RoslynAnalysisRunner will not be running.
RoslynAnalysisRunner has terminated.
Mono: successfully reloaded assembly
- Completed reload, in  0.818 seconds
Platform modules already initialized, skipping
Refreshing native plugins compatible for Editor in 0.16 ms, found 0 plugins.
Preloading 0 native plugins for Editor in 0.00 ms.
Unloading 1074 Unused Serialized files (Serialized files now loaded: 0)
System memory in use before: 58.8 MB.
System memory in use after: 58.9 MB.

Unloading 4 unused Assets to reduce memory usage. Loaded Objects now: 1537.
Total: 1.449600 ms (FindLiveObjects: 0.125800 ms CreateObjectMapping: 0.031100 ms MarkObjects: 1.247400 ms  DeleteObjects: 0.044400 ms)

AssetImportWorkerClient::OnTransportError - code=2 error=End of file
